<?xml version="1.0" encoding="UTF-8"?>
<!-- Generated by org.testng.reporters.JUnitReportReporter -->
<testsuite hostname="StairwayPC" failures="0" tests="9" name="persistence.StaffDAOTest" time="0.282" errors="0" timestamp="01 Dec 2020 16:04:17 GMT" skipped="2">
  <testcase classname="persistence.StaffDAOTest" name="testDeleteUser" time="0.000"/>
  <testcase classname="persistence.StaffDAOTest" name="testUpdateLockedData" time="0.001"/>
  <testcase classname="persistence.StaffDAOTest" name="testGetAllStaff" time="0.001"/>
  <testcase classname="persistence.StaffDAOTest" name="testAddUser" time="0.001"/>
  <testcase classname="persistence.StaffDAOTest" name="testValidateUserTrue" time="0.270"/>
  <testcase classname="persistence.StaffDAOTest" name="testValidateUser" time="0.005"/>
  <testcase classname="persistence.StaffDAOTest" name="testValidateUserfalse" time="0.004"/>
  <testcase classname="persistence.StaffDAOTest" name="testCheckIfExists">
    <skipped/>
  </testcase> <!-- testCheckIfExists -->
  <testcase classname="persistence.StaffDAOTest" name="testGetRole">
    <skipped/>
  </testcase> <!-- testGetRole -->
</testsuite> <!-- persistence.StaffDAOTest -->
